  Determining projects to restore...
  All projects are up-to-date for restore.
/usr/lib64/dotnet/sdk/8.0.402/Current/SolutionFile/ImportAfter/Microsoft.NET.Sdk.Solution.targets(36,5): warning NETSDK1194: The "--output" option isn't supported when building a solution. Specifying a solution-level output path results in all projects copying outputs to the same directory, which can lead to inconsistent builds. [/home/jared/Developer/recipe-builder/recipe-builder.sln]
/home/jared/Developer/recipe-builder/Models/VewySecwetModel.cs(7,19): warning CS8618: Non-nullable field 'r' must contain a non-null value when exiting constructor. Consider adding the 'required' modifier or declaring the field as nullable. [/home/jared/Developer/recipe-builder/recipe-builder.csproj]
/home/jared/Developer/recipe-builder/Controllers/RecipeController.cs(66,17): warning CS0162: Unreachable code detected [/home/jared/Developer/recipe-builder/recipe-builder.csproj]
/home/jared/Developer/recipe-builder/Models/Group.cs(6,23): warning CS8618: Non-nullable property 'Name' must contain a non-null value when exiting constructor. Consider adding the 'required' modifier or declaring the property as nullable. [/home/jared/Developer/recipe-builder/recipe-builder.csproj]
/home/jared/Developer/recipe-builder/Models/Group.cs(7,27): warning CS8618: Non-nullable property 'Members' must contain a non-null value when exiting constructor. Consider adding the 'required' modifier or declaring the property as nullable. [/home/jared/Developer/recipe-builder/recipe-builder.csproj]
/home/jared/Developer/recipe-builder/Models/MealPlanner.cs(6,30): warning CS8618: Non-nullable property 'ScheduledMeals' must contain a non-null value when exiting constructor. Consider adding the 'required' modifier or declaring the property as nullable. [/home/jared/Developer/recipe-builder/recipe-builder.csproj]
/home/jared/Developer/recipe-builder/Models/Mealset.cs(6,23): warning CS8618: Non-nullable property 'Name' must contain a non-null value when exiting constructor. Consider adding the 'required' modifier or declaring the property as nullable. [/home/jared/Developer/recipe-builder/recipe-builder.csproj]
/home/jared/Developer/recipe-builder/Models/Mealset.cs(7,23): warning CS8618: Non-nullable property 'Description' must contain a non-null value when exiting constructor. Consider adding the 'required' modifier or declaring the property as nullable. [/home/jared/Developer/recipe-builder/recipe-builder.csproj]
/home/jared/Developer/recipe-builder/Models/Mealset.cs(8,29): warning CS8618: Non-nullable property 'Recipes' must contain a non-null value when exiting constructor. Consider adding the 'required' modifier or declaring the property as nullable. [/home/jared/Developer/recipe-builder/recipe-builder.csproj]
/home/jared/Developer/recipe-builder/Models/Pantry.cs(6,33): warning CS8618: Non-nullable property 'Items' must contain a non-null value when exiting constructor. Consider adding the 'required' modifier or declaring the property as nullable. [/home/jared/Developer/recipe-builder/recipe-builder.csproj]
/home/jared/Developer/recipe-builder/Views/Cookbooks/Edit.cshtml(26,13): error CS1061: 'CookbooksEditVM' does not contain a definition for 'cookbookName' and no accessible extension method 'cookbookName' accepting a first argument of type 'CookbooksEditVM' could be found (are you missing a using directive or an assembly reference?) [/home/jared/Developer/recipe-builder/recipe-builder.csproj]
/home/jared/Developer/recipe-builder/Views/Cookbooks/Edit.cshtml(32,47): error CS1061: 'CookbooksEditVM' does not contain a definition for 'recipe' and no accessible extension method 'recipe' accepting a first argument of type 'CookbooksEditVM' could be found (are you missing a using directive or an assembly reference?) [/home/jared/Developer/recipe-builder/recipe-builder.csproj]
/home/jared/Developer/recipe-builder/Views/Cookbooks/Edit.cshtml(34,45): error CS1061: 'CookbooksEditVM' does not contain a definition for 'recipe' and no accessible extension method 'recipe' accepting a first argument of type 'CookbooksEditVM' could be found (are you missing a using directive or an assembly reference?) [/home/jared/Developer/recipe-builder/recipe-builder.csproj]
/home/jared/Developer/recipe-builder/Models/Tag.cs(5,23): warning CS8618: Non-nullable property 'Name' must contain a non-null value when exiting constructor. Consider adding the 'required' modifier or declaring the property as nullable. [/home/jared/Developer/recipe-builder/recipe-builder.csproj]
/home/jared/Developer/recipe-builder/Models/Tool.cs(5,23): warning CS8618: Non-nullable property 'Name' must contain a non-null value when exiting constructor. Consider adding the 'required' modifier or declaring the property as nullable. [/home/jared/Developer/recipe-builder/recipe-builder.csproj]
/home/jared/Developer/recipe-builder/Views/Cookbooks/Index.cshtml(37,16): error CS1061: 'CookbooksIndexVM' does not contain a definition for 'cookbooks' and no accessible extension method 'cookbooks' accepting a first argument of type 'CookbooksIndexVM' could be found (are you missing a using directive or an assembly reference?) [/home/jared/Developer/recipe-builder/recipe-builder.csproj]
/home/jared/Developer/recipe-builder/Views/Cookbooks/Index.cshtml(39,41): error CS1061: 'CookbooksIndexVM' does not contain a definition for 'cookbooks' and no accessible extension method 'cookbooks' accepting a first argument of type 'CookbooksIndexVM' could be found (are you missing a using directive or an assembly reference?) [/home/jared/Developer/recipe-builder/recipe-builder.csproj]
/home/jared/Developer/recipe-builder/Views/Cookbooks/Cookbook.cshtml(4,32): error CS1061: 'CookbooksCookbookVM' does not contain a definition for 'cookbook' and no accessible extension method 'cookbook' accepting a first argument of type 'CookbooksCookbookVM' could be found (are you missing a using directive or an assembly reference?) [/home/jared/Developer/recipe-builder/recipe-builder.csproj]
/home/jared/Developer/recipe-builder/Views/Cookbooks/Cookbook.cshtml(27,93): error CS1061: 'CookbooksCookbookVM' does not contain a definition for 'cookbook' and no accessible extension method 'cookbook' accepting a first argument of type 'CookbooksCookbookVM' could be found (are you missing a using directive or an assembly reference?) [/home/jared/Developer/recipe-builder/recipe-builder.csproj]
/home/jared/Developer/recipe-builder/Views/Cookbooks/Cookbook.cshtml(29,83): error CS1061: 'CookbooksCookbookVM' does not contain a definition for 'cookbook' and no accessible extension method 'cookbook' accepting a first argument of type 'CookbooksCookbookVM' could be found (are you missing a using directive or an assembly reference?) [/home/jared/Developer/recipe-builder/recipe-builder.csproj]
/home/jared/Developer/recipe-builder/Views/Cookbooks/Cookbook.cshtml(43,16): error CS1061: 'CookbooksCookbookVM' does not contain a definition for 'cookbook' and no accessible extension method 'cookbook' accepting a first argument of type 'CookbooksCookbookVM' could be found (are you missing a using directive or an assembly reference?) [/home/jared/Developer/recipe-builder/recipe-builder.csproj]
/home/jared/Developer/recipe-builder/Views/Cookbooks/Cookbook.cshtml(45,39): error CS1061: 'CookbooksCookbookVM' does not contain a definition for 'cookbook' and no accessible extension method 'cookbook' accepting a first argument of type 'CookbooksCookbookVM' could be found (are you missing a using directive or an assembly reference?) [/home/jared/Developer/recipe-builder/recipe-builder.csproj]
/home/jared/Developer/recipe-builder/Views/Cookbooks/Cookbook.cshtml(52,96): error CS1061: 'CookbooksCookbookVM' does not contain a definition for 'cookbook' and no accessible extension method 'cookbook' accepting a first argument of type 'CookbooksCookbookVM' could be found (are you missing a using directive or an assembly reference?) [/home/jared/Developer/recipe-builder/recipe-builder.csproj]
/home/jared/Developer/recipe-builder/Controllers/VewySecwetController.cs(16,69): warning CS8604: Possible null reference argument for parameter 'value' in 'AuthToken? JsonConvert.DeserializeObject<AuthToken>(string value)'. [/home/jared/Developer/recipe-builder/recipe-builder.csproj]
/home/jared/Developer/recipe-builder/Controllers/VewySecwetController.cs(16,28): warning CS8600: Converting null literal or possible null value to non-nullable type. [/home/jared/Developer/recipe-builder/recipe-builder.csproj]
/home/jared/Developer/recipe-builder/Controllers/VewySecwetController.cs(10,38): warning CS1998: This async method lacks 'await' operators and will run synchronously. Consider using the 'await' operator to await non-blocking API calls, or 'await Task.Run(...)' to do CPU-bound work on a background thread. [/home/jared/Developer/recipe-builder/recipe-builder.csproj]
/home/jared/Developer/recipe-builder/Models/ShoppingList.cs(33,40): warning CS8602: Dereference of a possibly null reference. [/home/jared/Developer/recipe-builder/recipe-builder.csproj]
/home/jared/Developer/recipe-builder/Models/ShoppingList.cs(46,40): warning CS8602: Dereference of a possibly null reference. [/home/jared/Developer/recipe-builder/recipe-builder.csproj]
/home/jared/Developer/recipe-builder/Models/Cookbook.cs(48,20): warning CS8603: Possible null reference return. [/home/jared/Developer/recipe-builder/recipe-builder.csproj]
/home/jared/Developer/recipe-builder/Views/Recipe/Look.cshtml(4,32): error CS1061: 'RecipeLookVM' does not contain a definition for 'recipe' and no accessible extension method 'recipe' accepting a first argument of type 'RecipeLookVM' could be found (are you missing a using directive or an assembly reference?) [/home/jared/Developer/recipe-builder/recipe-builder.csproj]
/home/jared/Developer/recipe-builder/Views/Recipe/Look.cshtml(10,88): error CS1061: 'RecipeLookVM' does not contain a definition for 'cookbookName' and no accessible extension method 'cookbookName' accepting a first argument of type 'RecipeLookVM' could be found (are you missing a using directive or an assembly reference?) [/home/jared/Developer/recipe-builder/recipe-builder.csproj]
/home/jared/Developer/recipe-builder/Views/Recipe/Look.cshtml(10,129): error CS1061: 'RecipeLookVM' does not contain a definition for 'recipe' and no accessible extension method 'recipe' accepting a first argument of type 'RecipeLookVM' could be found (are you missing a using directive or an assembly reference?) [/home/jared/Developer/recipe-builder/recipe-builder.csproj]
/home/jared/Developer/recipe-builder/Views/Recipe/Look.cshtml(13,69): error CS1061: 'RecipeLookVM' does not contain a definition for 'recipe' and no accessible extension method 'recipe' accepting a first argument of type 'RecipeLookVM' could be found (are you missing a using directive or an assembly reference?) [/home/jared/Developer/recipe-builder/recipe-builder.csproj]
/home/jared/Developer/recipe-builder/Views/Recipe/Look.cshtml(18,33): error CS1061: 'RecipeLookVM' does not contain a definition for 'recipe' and no accessible extension method 'recipe' accepting a first argument of type 'RecipeLookVM' could be found (are you missing a using directive or an assembly reference?) [/home/jared/Developer/recipe-builder/recipe-builder.csproj]
/home/jared/Developer/recipe-builder/Views/Recipe/Look.cshtml(21,28): error CS1061: 'RecipeLookVM' does not contain a definition for 'recipe' and no accessible extension method 'recipe' accepting a first argument of type 'RecipeLookVM' could be found (are you missing a using directive or an assembly reference?) [/home/jared/Developer/recipe-builder/recipe-builder.csproj]
/home/jared/Developer/recipe-builder/Views/Recipe/Look.cshtml(25,28): error CS1061: 'RecipeLookVM' does not contain a definition for 'recipe' and no accessible extension method 'recipe' accepting a first argument of type 'RecipeLookVM' could be found (are you missing a using directive or an assembly reference?) [/home/jared/Developer/recipe-builder/recipe-builder.csproj]
/home/jared/Developer/recipe-builder/Views/Recipe/Look.cshtml(29,29): error CS1061: 'RecipeLookVM' does not contain a definition for 'recipe' and no accessible extension method 'recipe' accepting a first argument of type 'RecipeLookVM' could be found (are you missing a using directive or an assembly reference?) [/home/jared/Developer/recipe-builder/recipe-builder.csproj]
/home/jared/Developer/recipe-builder/Views/Recipe/Look.cshtml(31,49): error CS1061: 'RecipeLookVM' does not contain a definition for 'recipe' and no accessible extension method 'recipe' accepting a first argument of type 'RecipeLookVM' could be found (are you missing a using directive or an assembly reference?) [/home/jared/Developer/recipe-builder/recipe-builder.csproj]
/home/jared/Developer/recipe-builder/Views/Recipe/Look.cshtml(49,29): error CS1061: 'RecipeLookVM' does not contain a definition for 'recipe' and no accessible extension method 'recipe' accepting a first argument of type 'RecipeLookVM' could be found (are you missing a using directive or an assembly reference?) [/home/jared/Developer/recipe-builder/recipe-builder.csproj]
/home/jared/Developer/recipe-builder/Views/Recipe/Look.cshtml(51,50): error CS1061: 'RecipeLookVM' does not contain a definition for 'recipe' and no accessible extension method 'recipe' accepting a first argument of type 'RecipeLookVM' could be found (are you missing a using directive or an assembly reference?) [/home/jared/Developer/recipe-builder/recipe-builder.csproj]
/home/jared/Developer/recipe-builder/Views/Recipe/Add.cshtml(11,29): error CS1061: 'RecipeAddVM' does not contain a definition for 'recipe' and no accessible extension method 'recipe' accepting a first argument of type 'RecipeAddVM' could be found (are you missing a using directive or an assembly reference?) [/home/jared/Developer/recipe-builder/recipe-builder.csproj]
/home/jared/Developer/recipe-builder/Views/Recipe/Add.cshtml(12,29): error CS1061: 'RecipeAddVM' does not contain a definition for 'recipe' and no accessible extension method 'recipe' accepting a first argument of type 'RecipeAddVM' could be found (are you missing a using directive or an assembly reference?) [/home/jared/Developer/recipe-builder/recipe-builder.csproj]
/home/jared/Developer/recipe-builder/Views/Recipe/Add.cshtml(13,39): error CS1061: 'RecipeAddVM' does not contain a definition for 'recipe' and no accessible extension method 'recipe' accepting a first argument of type 'RecipeAddVM' could be found (are you missing a using directive or an assembly reference?) [/home/jared/Developer/recipe-builder/recipe-builder.csproj]
/home/jared/Developer/recipe-builder/Views/Recipe/Add.cshtml(16,29): error CS1061: 'RecipeAddVM' does not contain a definition for 'recipe' and no accessible extension method 'recipe' accepting a first argument of type 'RecipeAddVM' could be found (are you missing a using directive or an assembly reference?) [/home/jared/Developer/recipe-builder/recipe-builder.csproj]
/home/jared/Developer/recipe-builder/Views/Recipe/Add.cshtml(17,29): error CS1061: 'RecipeAddVM' does not contain a definition for 'recipe' and no accessible extension method 'recipe' accepting a first argument of type 'RecipeAddVM' could be found (are you missing a using directive or an assembly reference?) [/home/jared/Developer/recipe-builder/recipe-builder.csproj]
/home/jared/Developer/recipe-builder/Views/Recipe/Add.cshtml(20,29): error CS1061: 'RecipeAddVM' does not contain a definition for 'recipe' and no accessible extension method 'recipe' accepting a first argument of type 'RecipeAddVM' could be found (are you missing a using directive or an assembly reference?) [/home/jared/Developer/recipe-builder/recipe-builder.csproj]
/home/jared/Developer/recipe-builder/Views/Recipe/Add.cshtml(21,32): error CS1061: 'RecipeAddVM' does not contain a definition for 'recipe' and no accessible extension method 'recipe' accepting a first argument of type 'RecipeAddVM' could be found (are you missing a using directive or an assembly reference?) [/home/jared/Developer/recipe-builder/recipe-builder.csproj]
/home/jared/Developer/recipe-builder/Views/Recipe/Add.cshtml(24,29): error CS1061: 'RecipeAddVM' does not contain a definition for 'recipe' and no accessible extension method 'recipe' accepting a first argument of type 'RecipeAddVM' could be found (are you missing a using directive or an assembly reference?) [/home/jared/Developer/recipe-builder/recipe-builder.csproj]
/home/jared/Developer/recipe-builder/Views/Recipe/Add.cshtml(25,32): error CS1061: 'RecipeAddVM' does not contain a definition for 'recipe' and no accessible extension method 'recipe' accepting a first argument of type 'RecipeAddVM' could be found (are you missing a using directive or an assembly reference?) [/home/jared/Developer/recipe-builder/recipe-builder.csproj]
/home/jared/Developer/recipe-builder/Views/Recipe/Add.cshtml(28,29): error CS1061: 'RecipeAddVM' does not contain a definition for 'recipe' and no accessible extension method 'recipe' accepting a first argument of type 'RecipeAddVM' could be found (are you missing a using directive or an assembly reference?) [/home/jared/Developer/recipe-builder/recipe-builder.csproj]
/home/jared/Developer/recipe-builder/Views/Recipe/Add.cshtml(29,32): error CS1061: 'RecipeAddVM' does not contain a definition for 'recipe' and no accessible extension method 'recipe' accepting a first argument of type 'RecipeAddVM' could be found (are you missing a using directive or an assembly reference?) [/home/jared/Developer/recipe-builder/recipe-builder.csproj]
/home/jared/Developer/recipe-builder/Views/Recipe/Edit.cshtml(10,29): error CS1061: 'RecipeEditVM' does not contain a definition for 'recipe' and no accessible extension method 'recipe' accepting a first argument of type 'RecipeEditVM' could be found (are you missing a using directive or an assembly reference?) [/home/jared/Developer/recipe-builder/recipe-builder.csproj]
/home/jared/Developer/recipe-builder/Views/Recipe/Edit.cshtml(11,29): error CS1061: 'RecipeEditVM' does not contain a definition for 'recipe' and no accessible extension method 'recipe' accepting a first argument of type 'RecipeEditVM' could be found (are you missing a using directive or an assembly reference?) [/home/jared/Developer/recipe-builder/recipe-builder.csproj]
/home/jared/Developer/recipe-builder/Views/Recipe/Edit.cshtml(12,39): error CS1061: 'RecipeEditVM' does not contain a definition for 'recipe' and no accessible extension method 'recipe' accepting a first argument of type 'RecipeEditVM' could be found (are you missing a using directive or an assembly reference?) [/home/jared/Developer/recipe-builder/recipe-builder.csproj]
/home/jared/Developer/recipe-builder/Views/Recipe/Edit.cshtml(15,29): error CS1061: 'RecipeEditVM' does not contain a definition for 'recipe' and no accessible extension method 'recipe' accepting a first argument of type 'RecipeEditVM' could be found (are you missing a using directive or an assembly reference?) [/home/jared/Developer/recipe-builder/recipe-builder.csproj]
/home/jared/Developer/recipe-builder/Views/Recipe/Edit.cshtml(16,29): error CS1061: 'RecipeEditVM' does not contain a definition for 'recipe' and no accessible extension method 'recipe' accepting a first argument of type 'RecipeEditVM' could be found (are you missing a using directive or an assembly reference?) [/home/jared/Developer/recipe-builder/recipe-builder.csproj]
/home/jared/Developer/recipe-builder/Views/Recipe/Edit.cshtml(19,29): error CS1061: 'RecipeEditVM' does not contain a definition for 'recipe' and no accessible extension method 'recipe' accepting a first argument of type 'RecipeEditVM' could be found (are you missing a using directive or an assembly reference?) [/home/jared/Developer/recipe-builder/recipe-builder.csproj]
/home/jared/Developer/recipe-builder/Views/Recipe/Edit.cshtml(20,32): error CS1061: 'RecipeEditVM' does not contain a definition for 'recipe' and no accessible extension method 'recipe' accepting a first argument of type 'RecipeEditVM' could be found (are you missing a using directive or an assembly reference?) [/home/jared/Developer/recipe-builder/recipe-builder.csproj]
/home/jared/Developer/recipe-builder/Views/Recipe/Edit.cshtml(23,29): error CS1061: 'RecipeEditVM' does not contain a definition for 'recipe' and no accessible extension method 'recipe' accepting a first argument of type 'RecipeEditVM' could be found (are you missing a using directive or an assembly reference?) [/home/jared/Developer/recipe-builder/recipe-builder.csproj]
/home/jared/Developer/recipe-builder/Views/Recipe/Edit.cshtml(24,32): error CS1061: 'RecipeEditVM' does not contain a definition for 'recipe' and no accessible extension method 'recipe' accepting a first argument of type 'RecipeEditVM' could be found (are you missing a using directive or an assembly reference?) [/home/jared/Developer/recipe-builder/recipe-builder.csproj]
/home/jared/Developer/recipe-builder/Views/Recipe/Edit.cshtml(27,29): error CS1061: 'RecipeEditVM' does not contain a definition for 'recipe' and no accessible extension method 'recipe' accepting a first argument of type 'RecipeEditVM' could be found (are you missing a using directive or an assembly reference?) [/home/jared/Developer/recipe-builder/recipe-builder.csproj]
/home/jared/Developer/recipe-builder/Views/Recipe/Edit.cshtml(28,32): error CS1061: 'RecipeEditVM' does not contain a definition for 'recipe' and no accessible extension method 'recipe' accepting a first argument of type 'RecipeEditVM' could be found (are you missing a using directive or an assembly reference?) [/home/jared/Developer/recipe-builder/recipe-builder.csproj]
